g:\zoho\cserver\debug\vc142.pdb
g:\zoho\cserver\debug\vc142.idb
g:\zoho\cserver\debug\restfulclient.obj
g:\zoho\cserver\debug\cserver.obj
g:\zoho\cserver\debug\cserver.lib
g:\zoho\cserver\debug\cserver.exp
g:\zoho\cserver\debug\vcpkg.applocal.log
g:\zoho\cserver\debug\cpprest_2_10d.dll
g:\zoho\cserver\debug\boost_date_time-vc142-mt-gd-x32-1_70.dll
g:\zoho\cserver\debug\ssleay32.dll
g:\zoho\cserver\debug\libeay32.dll
g:\zoho\cserver\debug\zlibd1.dll
g:\zoho\cserver\debug\brotlienc.dll
g:\zoho\cserver\debug\brotlicommon.dll
g:\zoho\cserver\debug\brotlidec.dll
g:\zoho\cserver\debug\libcurl-d.dll
g:\zoho\cserver\debug\cserver.ilk
g:\zoho\cserver\debug\cserver.exe
g:\zoho\cserver\debug\cserver.pdb
g:\zoho\cserver\debug\cserver.tlog\cl.command.1.tlog
g:\zoho\cserver\debug\cserver.tlog\cl.read.1.tlog
g:\zoho\cserver\debug\cserver.tlog\cl.write.1.tlog
g:\zoho\cserver\debug\cserver.tlog\cserver.write.1u.tlog
g:\zoho\cserver\debug\cserver.tlog\link.command.1.tlog
g:\zoho\cserver\debug\cserver.tlog\link.read.1.tlog
g:\zoho\cserver\debug\cserver.tlog\link.write.1.tlog
